
=== Thu Aug 13 06:18:21 2020

Packages were changed.
Update Mode: updateDependencies

The following packages were 추가됨:
  com.unity.2d.sprite@1.0.0
  com.unity.2d.tilemap@1.0.0
  com.unity.ide.rider@1.2.1
  com.unity.ide.visualstudio@2.0.0
  com.unity.ide.vscode@1.1.4
  com.unity.modules.androidjni@1.0.0
  com.unity.test-framework@1.1.13
  com.unity.ugui@1.0.0
The following packages were 업데이트됨:
  com.unity.ads 2.0.8 버전에서 3.4.4버전으로  com.unity.analytics 3.3.2 버전에서 3.3.5버전으로  com.unity.collab-proxy 1.2.16 버전에서 1.3.7버전으로  com.unity.postprocessing 2.1.7 버전에서 2.3.0버전으로  com.unity.textmeshpro 2.0.0 버전에서 3.0.0-preview.1버전으로  com.unity.timeline 1.0.0 버전에서 1.2.6버전으로The following packages were 삭제됨:
  com.unity.package-manager-ui@2.1.2

=== Sat Aug 29 08:03:35 2020

Packages were changed.
Update Mode: mergeDefaultDependencies

The following packages were 추가됨:
  com.unity.progrids@3.0.3-preview.4
The following packages were 업데이트됨:
  com.unity.ide.visualstudio 2.0.0 버전에서 2.0.2버전으로  com.unity.ide.vscode 1.1.4 버전에서 1.2.1버전으로  com.unity.test-framework 1.1.13 버전에서 1.1.14버전으로  com.unity.timeline 1.2.6 버전에서 1.2.10버전으로
=== Wed Sep 16 14:55:50 2020

Packages were changed.
Update Mode: updateDependencies

The following packages were 업데이트됨:
  com.unity.ads 3.4.4 버전에서 3.4.9버전으로  com.unity.collab-proxy 1.3.7 버전에서 1.3.9버전으로  com.unity.purchasing 2.0.6 버전에서 2.1.0버전으로  com.unity.test-framework 1.1.14 버전에서 1.1.16버전으로  com.unity.textmeshpro 3.0.0-preview.1 버전에서 3.0.1버전으로