"Start of log file."
"C:/Users/white/DOCUME~1/GitHub/VISUAL~1/20200802/Assets/_BAD_R~1/UNTITL~1.MAX"
"Starting max loading and fbx conversion"
window = undefined
"Settings units"
"Before fbx export"
"After fbx export"
"Finished max loading and fbx conversion"
"C:/Users/white/DOCUME~1/GitHub/VISUAL~1/20200802/Assets/_BAD_R~1/UNTITL~2.MAX"
"Starting max loading and fbx conversion"
window = undefined
"Settings units"
"Before fbx export"
"After fbx export"
"Finished max loading and fbx conversion"
"C:/Users/white/DOCUME~1/GitHub/VISUAL~1/20200802/Assets/_BAD_R~1/Untitled.max"
"Starting max loading and fbx conversion"
window = undefined
"Settings units"
"Before fbx export"
"After fbx export"
"Finished max loading and fbx conversion"
"C:/Users/white/DOCUME~1/GitHub/VISUAL~1/20200802/Assets/_BAD_R~1/Note9.max"
"Starting max loading and fbx conversion"
window = undefined
"Settings units"
"Before fbx export"
"After fbx export"
"Finished max loading and fbx conversion"
"C:/Users/white/DOCUME~1/GitHub/VISUAL~1/20200802/Assets/_BAD_R~1/NOTEPI~1.MAX"
"Starting max loading and fbx conversion"
window = undefined
"Settings units"
"Before fbx export"
"After fbx export"
"Finished max loading and fbx conversion"
